2020-04-27 12:48:44 INFO  ServiceLogin:57 - Login with wrong username or password
2020-04-27 14:25:08 INFO  ServiceLogin:57 - Login with wrong username or password
2020-04-27 14:25:13 INFO  ServiceLogin:63 - Succesfull login by administator
2020-04-27 14:25:42 INFO  ListernInputNewMatch:66 - Unos mora biti broj i ne sme biti negativan.
2020-04-27 14:26:03 INFO  ListernInputNewMatch:66 - Unos mora biti broj i ne sme biti negativan.
2020-04-27 14:26:05 INFO  ListernInputNewMatch:66 - Validation error
2020-04-27 14:26:26 INFO  ListernInputNewMatch:66 - Validation error
2020-04-27 14:26:28 INFO  ListernInputNewMatch:66 - Validation error
2020-04-27 14:26:37 ERROR ServiceMatch:46 - Connection reset by peer: socket write error
2020-04-27 14:26:48 ERROR ServiceRangList:45 - Connection reset by peer: socket write error
2020-04-27 14:26:48 ERROR ServiceRangList:45 - Connection reset by peer: socket write error
2020-04-27 14:27:01 ERROR ServiceSelection:45 - Connection reset by peer: socket write error
2020-04-27 14:27:01 ERROR ServiceGetAllMatches:44 - Connection reset by peer: socket write error
2020-05-05 09:35:43 INFO  ServiceLogin:70 - Succesfull login by administator
2020-05-05 09:58:29 INFO  ServiceLogin:70 - Succesfull login by administator
2020-05-05 09:59:47 INFO  ServiceLogin:70 - Succesfull login by administator
2020-05-05 10:02:51 INFO  ServiceLogin:70 - Succesfull login by administator
2020-05-05 10:04:16 INFO  ServiceLogin:70 - Succesfull login by administator
2020-05-05 10:06:08 INFO  ServiceLogin:70 - Succesfull login by administator
2020-05-05 10:07:16 INFO  ServiceLogin:70 - Succesfull login by administator
2020-05-05 10:08:27 INFO  ServiceLogin:70 - Succesfull login by administator
2020-05-05 10:09:18 INFO  ServiceLogin:70 - Succesfull login by administator
2020-05-05 10:18:20 INFO  ServiceLogin:70 - Succesfull login by administator
2020-05-05 10:20:24 INFO  ServiceLogin:70 - Succesfull login by administator
2020-05-05 10:28:15 INFO  ServiceLogin:70 - Succesfull login by administator
2020-05-05 10:31:40 INFO  ServiceLogin:70 - Succesfull login by administator
2020-05-05 10:32:47 INFO  ServiceLogin:70 - Succesfull login by administator
2020-05-05 10:34:53 INFO  ServiceLogin:70 - Succesfull login by administator
2020-05-05 10:35:25 INFO  ServiceLogin:70 - Succesfull login by administator
2020-05-05 10:36:50 INFO  ServiceLogin:70 - Succesfull login by administator
2020-05-05 10:38:13 INFO  ServiceLogin:70 - Succesfull login by administator
2020-05-05 10:38:59 FATAL Controller:59 - Connection refused: connect
2020-05-05 10:39:09 INFO  ServiceLogin:70 - Succesfull login by administator
2020-05-05 10:40:14 INFO  ServiceLogin:70 - Succesfull login by administator
2020-05-05 10:40:56 INFO  ServiceLogin:70 - Succesfull login by administator
2020-05-05 11:06:39 FATAL Controller:59 - Connection refused: connect
2020-05-05 11:08:03 INFO  ServiceLogin:70 - Succesfull login by administator
2020-05-05 11:21:55 INFO  ServiceLogin:70 - Succesfull login by administator
2020-05-05 11:35:34 INFO  ServiceLogin:70 - Succesfull login by veljko
2020-05-05 11:40:47 INFO  ServiceLogin:70 - Succesfull login by veljko
2020-05-05 11:46:17 INFO  ServiceLogin:70 - Succesfull login by veljko1
2020-05-05 11:52:03 INFO  ServiceLogin:70 - Succesfull login by administator
2020-05-05 11:53:39 INFO  ServiceLogin:70 - Succesfull login by administator
2020-05-05 11:56:30 INFO  ServiceLogin:70 - Succesfull login by administrator
2020-05-05 12:00:54 INFO  ServiceLogin:70 - Succesfull login by veljko
2020-05-05 12:01:02 INFO  ListernInputNewMatch:65 - Goals must be number and must be non negative.
2020-05-05 12:01:06 INFO  ListernInputNewMatch:65 - Goals must be number and must be non negative.
2020-05-05 12:01:10 INFO  ListernInputNewMatch:65 - Validation error
2020-05-05 12:28:11 INFO  ServiceLogin:70 - Succesfull login by administator
2020-05-05 12:39:11 INFO  ServiceLogin:70 - Succesfull login by administrator
2020-05-05 12:39:29 INFO  ListernInputNewMatch:65 - Unos mora biti broj i ne sme biti negativan.
2020-05-05 12:50:02 INFO  ServiceLogin:66 - Deleted user veljko trying to login.
2020-05-05 12:57:49 INFO  ServiceLogin:63 - Login with wrong username or password
2020-05-05 12:57:57 INFO  ServiceLogin:70 - Succesfull login by veljko1
2020-05-05 12:58:24 FATAL Controller:59 - Connection refused: connect
2020-05-05 13:11:28 FATAL Controller:59 - Connection refused: connect
2020-05-05 13:12:01 INFO  ServiceLogin:70 - Succesfull login by administrator
2020-05-05 13:12:34 INFO  ServiceLogin:70 - Succesfull login by perapera
2020-05-05 13:17:07 INFO  ServiceLogin:70 - Succesfull login by veljko123
2020-05-05 13:20:46 INFO  ServiceLogin:70 - Succesfull login by veljko123
2020-05-05 13:56:15 INFO  ServiceLogin:70 - Succesfull login by administrator
2020-05-05 14:02:04 INFO  ServiceLogin:70 - Succesfull login by administator
2020-05-05 14:11:16 FATAL Controller:59 - Connection refused: connect
2020-05-05 14:11:30 INFO  ServiceLogin:70 - Succesfull login by administrator
2020-05-05 15:11:43 INFO  ServiceLogin:70 - Succesfull login by administrator
2020-05-05 15:13:15 INFO  ServiceLogin:70 - Succesfull login by administrator
2020-05-05 15:19:50 INFO  ServiceLogin:70 - Succesfull login by administrator
2020-05-05 15:21:30 INFO  ServiceLogin:70 - Succesfull login by administrator
2020-05-05 15:22:42 INFO  ServiceLogin:70 - Succesfull login by administrator
2020-05-05 15:24:14 INFO  ServiceLogin:70 - Succesfull login by administrator
2020-05-05 15:25:26 INFO  ServiceLogin:70 - Succesfull login by administrator
2020-05-05 15:31:23 INFO  ServiceLogin:70 - Succesfull login by administrator
2020-05-05 15:33:02 INFO  ServiceLogin:70 - Succesfull login by administrator
2020-05-06 10:17:01 INFO  ServiceLogin:70 - Succesfull login by administrator
2020-05-06 10:18:37 INFO  ListernInputNewMatch:65 - Unos mora biti broj i ne sme biti negativan.
2020-05-06 10:18:41 INFO  ListernInputNewMatch:65 - Unos mora biti broj i ne sme biti negativan.
2020-05-06 10:18:49 INFO  ListernInputNewMatch:65 - Validation error
2020-05-06 10:29:08 INFO  ServiceLogin:70 - Succesfull login by administrator
2020-05-06 10:30:09 INFO  ServiceLogin:70 - Succesfull login by administrator
2020-05-06 10:34:36 INFO  ServiceLogin:63 - Login with wrong username or password
2020-05-06 10:34:44 INFO  ServiceLogin:70 - Succesfull login by administrator
2020-05-06 11:35:07 INFO  ServiceLogin:70 - Succesfull login by administrator
2020-05-06 13:23:16 FATAL Controller:59 - Connection refused: connect
2020-05-06 13:23:26 INFO  ServiceLogin:70 - Succesfull login by administrator
2020-06-07 10:16:07 INFO  ServiceLogin:63 - Login with wrong username or password
2020-06-07 10:16:10 INFO  ServiceLogin:63 - Login with wrong username or password
2020-06-07 10:16:23 INFO  ServiceLogin:70 - Succesfull login by administrator
2020-06-07 10:19:16 FATAL Controller:59 - Connection refused: connect
2020-06-07 10:19:40 INFO  ServiceLogin:70 - Succesfull login by administrator
2020-06-07 10:21:44 INFO  ServiceLogin:70 - Succesfull login by administrator
2020-06-07 10:26:04 INFO  ServiceLogin:63 - Login with wrong username or password
2020-06-07 10:26:09 INFO  ServiceLogin:63 - Login with wrong username or password
2020-06-07 10:26:12 INFO  ServiceLogin:70 - Succesfull login by administrator
2020-06-07 10:29:01 INFO  ServiceLogin:70 - Succesfull login by administrator
2020-06-07 10:32:32 FATAL Controller:59 - Connection refused: connect
2020-06-07 10:32:53 INFO  ServiceLogin:70 - Succesfull login by administrator
2020-06-07 10:33:59 INFO  ServiceLogin:70 - Succesfull login by administrator
2020-06-07 10:35:29 INFO  ServiceLogin:70 - Succesfull login by administrator
2020-06-07 10:37:41 INFO  ServiceLogin:70 - Succesfull login by administrator
2020-06-07 10:38:41 INFO  ServiceLogin:63 - Login with wrong username or password
2020-06-07 10:38:50 INFO  ServiceLogin:70 - Succesfull login by administrator
2020-06-07 10:46:11 FATAL Controller:59 - Connection refused: connect
2020-06-07 10:47:06 INFO  ServiceLogin:70 - Succesfull login by administrator
2020-06-07 10:48:24 INFO  ServiceLogin:70 - Succesfull login by administrator
2020-06-07 10:49:33 INFO  ServiceLogin:70 - Succesfull login by administrator
2020-06-07 10:58:21 FATAL Controller:59 - Connection refused: connect
2020-06-07 11:01:23 INFO  ServiceLogin:70 - Succesfull login by administrator
2020-06-07 11:03:36 INFO  ServiceLogin:70 - Succesfull login by administrator
2020-06-07 11:05:26 INFO  ServiceLogin:70 - Succesfull login by administrator
2020-06-07 11:06:41 FATAL Controller:59 - Connection refused: connect
2020-06-07 11:07:01 INFO  ServiceLogin:70 - Succesfull login by administrator
2020-06-07 11:11:32 INFO  ServiceLogin:70 - Succesfull login by administrator
2020-06-07 11:13:25 INFO  ServiceLogin:70 - Succesfull login by administrator
2020-06-07 11:17:09 INFO  ServiceLogin:70 - Succesfull login by administrator
2020-06-07 11:19:07 INFO  ServiceLogin:70 - Succesfull login by administrator
2020-06-07 11:21:00 INFO  ServiceLogin:70 - Succesfull login by administrator
2020-06-07 11:21:37 INFO  ServiceLogin:70 - Succesfull login by administrator
2020-06-07 11:24:33 INFO  ServiceLogin:70 - Succesfull login by administrator
2020-06-07 11:25:04 INFO  ServiceLogin:70 - Succesfull login by administrator
2020-06-07 11:28:56 FATAL Controller:59 - Connection refused: connect
2020-06-07 11:29:08 INFO  ServiceLogin:63 - Login with wrong username or password
2020-06-07 11:29:15 INFO  ServiceLogin:70 - Succesfull login by administrator
2020-06-07 11:30:40 INFO  ServiceLogin:63 - Login with wrong username or password
2020-06-07 11:30:46 INFO  ServiceLogin:70 - Succesfull login by administrator
2020-06-07 11:31:19 INFO  ServiceLogin:70 - Succesfull login by administrator
2020-06-07 11:36:20 INFO  ServiceLogin:63 - Login with wrong username or password
2020-06-07 11:36:27 INFO  ServiceLogin:70 - Succesfull login by administrator
2020-06-07 11:40:06 INFO  ServiceLogin:70 - Succesfull login by administrator
2020-06-07 11:41:54 INFO  ServiceLogin:70 - Succesfull login by administrator
2020-06-07 11:42:59 INFO  ServiceLogin:70 - Succesfull login by administrator
2020-06-07 11:46:38 INFO  ServiceLogin:63 - Login with wrong username or password
2020-06-07 11:46:45 INFO  ServiceLogin:70 - Succesfull login by administrator
2020-06-07 11:47:30 INFO  ServiceLogin:70 - Succesfull login by administrator
2020-06-07 11:52:42 INFO  ServiceLogin:63 - Login with wrong username or password
2020-06-07 11:52:47 INFO  ServiceLogin:70 - Succesfull login by administrator
2020-06-07 13:50:12 INFO  ServiceLogin:63 - Login with wrong username or password
2020-06-07 13:50:22 INFO  ServiceLogin:63 - Login with wrong username or password
2020-06-07 13:50:34 INFO  ServiceLogin:70 - Succesfull login by administrator
2020-06-07 14:24:47 INFO  ServiceLogin:63 - Login with wrong username or password
2020-06-07 14:25:29 INFO  ServiceLogin:70 - Succesfull login by veljko
2020-06-07 14:45:34 INFO  ServiceLogin:63 - Login with wrong username or password
2020-06-07 14:45:38 INFO  ServiceLogin:70 - Succesfull login by veljko
2020-06-07 15:06:49 FATAL SocketController:49 - Connection refused: connect
2020-06-07 15:18:39 INFO  RMIController:90 - Login with wrong username or password
2020-06-07 15:18:46 INFO  RMIController:90 - Login with wrong username or password
2020-06-07 15:18:52 INFO  RMIController:90 - Login with wrong username or password
2020-06-07 15:18:59 INFO  RMIController:90 - Login with wrong username or password
2020-06-07 15:19:06 INFO  RMIController:90 - Login with wrong username or password
2020-06-07 15:21:11 INFO  RMIController:91 - Login with wrong username or password
2020-06-07 15:21:15 INFO  RMIController:91 - Login with wrong username or password
2020-06-07 15:21:29 INFO  RMIController:91 - Login with wrong username or password
2020-06-07 15:21:37 INFO  RMIController:91 - Login with wrong username or password
2020-06-07 15:24:18 INFO  RMIController:92 - Login with wrong username or password
2020-06-07 15:24:24 INFO  RMIController:99 - Succesfull login by veljko
2020-06-07 15:39:57 INFO  RMIController:42 - Succesfull login by veljko
2020-06-07 15:40:07 INFO  RMIController:35 - Login with wrong username or password
2020-06-07 15:40:25 INFO  RMIController:42 - Succesfull login by veljko
2020-06-07 15:40:26 INFO  RMIController:35 - Login with wrong username or password
2020-06-07 15:40:30 INFO  RMIController:42 - Succesfull login by veljko
2020-06-07 15:52:50 INFO  RMIController:41 - Succesfull login by veljko
2020-06-07 15:52:54 ERROR FrmChooseSelection:155 - 
2020-06-07 15:52:57 ERROR FrmNewMatch:202 - 
2020-06-07 15:53:01 ERROR FrmNewMatch:202 - 
2020-06-07 16:23:20 INFO  RMIController:41 - Succesfull login by veljko
2020-06-07 16:23:25 ERROR FrmChooseSelection:155 - 
2020-06-07 16:23:28 ERROR FrmNewMatch:202 - 
2020-06-07 16:27:38 INFO  RMIController:41 - Succesfull login by veljko
2020-06-07 16:27:42 ERROR FrmChooseSelection:155 - 
2020-06-07 16:27:46 ERROR FrmNewMatch:202 - 
2020-06-07 16:27:48 ERROR FrmNewMatch:202 - 
2020-06-07 16:37:03 INFO  RMIController:41 - Succesfull login by veljko
2020-06-07 16:37:09 ERROR FrmChooseSelection:155 - 
2020-06-07 16:38:14 INFO  RMIController:41 - Succesfull login by veljko
2020-06-07 16:38:15 ERROR FrmChooseSelection:155 - 
2020-06-07 16:39:54 INFO  RMIController:41 - Succesfull login by veljko
2020-06-08 10:10:14 INFO  RMIController:41 - Succesfull login by veljko
2020-06-08 10:12:15 INFO  RMIController:41 - Succesfull login by veljko
2020-06-08 10:12:53 INFO  RMIController:41 - Succesfull login by administrator
2020-06-08 10:12:59 ERROR ListenerDeleteSelection:75 - Not supported yet.
2020-06-08 10:13:02 ERROR ListenerDeleteSelection:62 - Not supported yet.
2020-06-08 10:13:07 ERROR ListenerDeleteSelection:62 - Not supported yet.
2020-06-08 10:13:10 ERROR ListenerDeleteSelection:62 - Not supported yet.
2020-06-08 10:13:12 ERROR ListenerDeleteSelection:75 - Not supported yet.
2020-06-08 10:17:59 INFO  RMIController:41 - Succesfull login by administrator
2020-06-08 10:18:04 ERROR ListenerDeleteSelection:75 - Not supported yet.
2020-06-08 10:18:08 ERROR ListenerDeleteSelection:62 - Not supported yet.
2020-06-08 10:23:48 INFO  RMIController:41 - Succesfull login by administrator
2020-06-08 10:29:26 INFO  RMIController:41 - Succesfull login by administrator
2020-06-08 10:32:28 INFO  RMIController:41 - Succesfull login by administrator
2020-06-08 10:38:30 ERROR ServiceRangLista:27 - java.rmi.UnmarshalException: Error unmarshaling return; nested exception is: 
	java.lang.ClassNotFoundException: com.mysql.jdbc.exceptions.jdbc4.MySQLIntegrityConstraintViolationException (no security manager: RMI class loader disabled)
2020-06-08 10:38:46 INFO  RMIController:34 - Login with wrong username or password
2020-06-08 10:39:49 INFO  RMIController:37 - Deleted user veljko trying to login.
2020-06-08 10:39:56 INFO  RMIController:34 - Login with wrong username or password
2020-06-08 10:42:06 INFO  RMIController:41 - Succesfull login by veljko123
2020-06-08 10:42:18 INFO  RMIController:41 - Succesfull login by veljko123
2020-06-08 10:42:29 ERROR ServiceRangLista:28 - java.rmi.UnmarshalException: Error unmarshaling return; nested exception is: 
	java.lang.ClassNotFoundException: com.mysql.jdbc.exceptions.jdbc4.MySQLIntegrityConstraintViolationException (no security manager: RMI class loader disabled)
2020-06-08 11:33:12 ERROR ServiceRangLista:29 - exceptions.BusyUsernameException
2020-06-08 11:33:14 ERROR ServiceRangLista:29 - exceptions.BusyUsernameException
2020-06-08 11:33:15 ERROR ServiceRangLista:29 - exceptions.BusyUsernameException
2020-06-08 11:33:15 ERROR ServiceRangLista:29 - exceptions.BusyUsernameException
2020-06-08 11:35:46 ERROR ServiceRangLista:29 - exceptions.BusyUsernameException
2020-06-08 11:39:05 ERROR ServiceRangLista:31 - exceptions.BusyUsernameException
2020-06-08 11:40:53 ERROR ServiceRangLista:31 - exceptions.BusyUsernameException
2020-06-08 11:41:02 INFO  RMIController:41 - Succesfull login by veljko111
2020-06-08 11:41:20 INFO  RMIController:41 - Succesfull login by veljko123
2020-06-08 11:41:35 INFO  RMIController:34 - Login with wrong username or password
2020-06-08 11:41:39 INFO  RMIController:34 - Login with wrong username or password
2020-06-08 11:41:42 INFO  RMIController:41 - Succesfull login by veljko123
2020-06-08 15:33:32 ERROR ServiceRangLista:31 - java.lang.NullPointerException
2020-06-08 15:34:47 INFO  RMIController:41 - Succesfull login by veljko123
2020-06-08 15:51:05 INFO  RMIController:34 - Login with wrong username or password
2020-06-08 15:51:09 INFO  RMIController:41 - Succesfull login by veljko123
2020-06-08 15:54:26 ERROR ServiceRangLista:31 - exceptions.BusyUsernameException
2020-06-08 15:54:38 INFO  RMIController:41 - Succesfull login by abcabc
2020-06-08 16:01:07 INFO  RMIController:41 - Succesfull login by abcabc
2020-06-08 16:08:10 INFO  RMIController:34 - Login with wrong username or password
2020-06-08 16:08:13 INFO  RMIController:41 - Succesfull login by veljko123
2020-06-15 15:07:09 FATAL SocketController:49 - Connection refused: connect
2020-06-15 15:08:30 FATAL SocketController:49 - Connection refused: connect
2020-06-15 15:19:06 FATAL SocketController:49 - Connection refused: connect
2020-06-15 15:25:13 FATAL SocketController:49 - Connection refused: connect
2020-06-15 15:25:26 FATAL SocketController:49 - Connection refused: connect
2020-06-15 15:28:29 FATAL SocketController:49 - Connection refused: connect
2020-06-15 15:43:05 FATAL SocketController:49 - Connection refused: connect
2020-06-15 15:54:39 INFO  ServiceLogin:66 - Login with wrong username or password
2020-06-15 15:54:49 INFO  ServiceLogin:69 - Deleted user veljko trying to login.
2020-06-15 15:54:55 INFO  ServiceLogin:66 - Login with wrong username or password
2020-06-15 15:55:03 INFO  ServiceLogin:73 - Succesfull login by administrator
2020-06-15 15:57:01 INFO  RMIController:34 - Login with wrong username or password
2020-06-15 15:57:07 INFO  RMIController:34 - Login with wrong username or password
2020-06-15 15:57:14 INFO  RMIController:41 - Succesfull login by administrator
2020-06-15 15:59:40 INFO  RMIController:34 - Login with wrong username or password
2020-06-15 16:02:57 FATAL SocketController:49 - Connection refused: connect
2020-06-15 16:03:10 INFO  ServiceLogin:62 - Login with wrong username or password
2020-06-15 16:03:25 FATAL SocketController:49 - Connection refused: connect
2020-06-15 16:03:38 FATAL SocketController:49 - Connection refused: connect
2020-06-15 16:04:53 FATAL SocketController:49 - Connection refused: connect
2020-06-15 16:05:38 FATAL SocketController:49 - Connection refused: connect
2020-06-15 16:06:40 FATAL SocketController:49 - Connection refused: connect
2020-06-15 16:07:35 INFO  ServiceLogin:62 - Login with wrong username or password
2020-06-15 16:07:59 FATAL SocketController:49 - Connection refused: connect
2020-06-15 16:10:27 FATAL SocketController:49 - Connection refused: connect
2020-06-15 16:11:34 FATAL SocketController:49 - Connection refused: connect
2020-06-15 16:13:35 INFO  ServiceLogin:62 - Login with wrong username or password
2020-06-15 16:13:48 FATAL SocketController:49 - Connection refused: connect
2020-06-15 16:17:50 FATAL SocketController:49 - Connection refused: connect
2020-06-15 16:17:52 FATAL SocketController:49 - Connection refused: connect
2020-06-15 16:18:11 FATAL SocketController:49 - Connection refused: connect
2020-06-15 16:18:13 FATAL SocketController:49 - Connection refused: connect
2020-06-15 16:18:30 INFO  ServiceLogin:62 - Login with wrong username or password
2020-06-15 16:18:45 FATAL SocketController:49 - Connection refused: connect
2020-06-15 16:18:47 FATAL SocketController:49 - Connection refused: connect
2020-06-15 16:19:40 FATAL SocketController:49 - Connection refused: connect
2020-06-15 16:19:57 FATAL SocketController:49 - Connection refused: connect
2020-06-15 16:20:02 INFO  RMIController:34 - Login with wrong username or password
2020-06-15 16:20:17 INFO  ServiceLogin:62 - Login with wrong username or password
2020-06-15 16:31:21 FATAL SocketController:49 - Connection refused: connect
2020-06-15 16:31:36 INFO  ServiceLogin:62 - Login with wrong username or password
2020-06-15 16:31:52 INFO  ServiceLogin:62 - Login with wrong username or password
2020-06-15 16:32:08 FATAL SocketController:49 - Connection refused: connect
2020-06-15 16:32:12 INFO  RMIController:34 - Login with wrong username or password
2020-06-15 16:32:18 INFO  RMIController:34 - Login with wrong username or password
2020-06-15 16:32:28 INFO  RMIController:41 - Succesfull login by administrator
2020-06-27 15:51:41 FATAL SocketController:49 - Connection refused: connect
2020-06-27 15:51:41 INFO  ServiceCreateControllers:27 - exceptions.ServerException: Server side error
2020-06-27 15:51:47 INFO  RMIController:41 - Succesfull login by abcabc
2020-06-27 15:52:45 FATAL SocketController:49 - Connection refused: connect
2020-06-27 15:52:45 INFO  ServiceCreateControllers:27 - exceptions.ServerException: Server side error
2020-06-27 15:53:13 INFO  RMIController:34 - Login with wrong username or password
2020-06-27 15:53:16 INFO  RMIController:37 - Deleted user veljko trying to login.
2020-06-27 15:53:18 INFO  RMIController:41 - Succesfull login by veljko123
2020-06-27 15:55:06 INFO  ServiceLogin:69 - Succesfull login by novikorisnik
2020-06-27 15:58:42 FATAL SocketController:49 - Connection refused: connect
2020-06-27 15:58:42 INFO  ServiceCreateControllers:27 - exceptions.ServerException: Server side error
2020-06-27 15:59:17 INFO  ServiceLogin:65 - Deleted user veljko trying to login.
2020-06-27 16:02:07 FATAL SocketController:49 - Connection refused: connect
2020-06-27 16:02:07 INFO  ServiceCreateControllers:27 - exceptions.ServerException: Server side error
2020-06-27 16:02:19 FATAL SocketController:49 - Connection refused: connect
2020-06-27 16:02:19 INFO  ServiceCreateControllers:27 - exceptions.ServerException: Server side error
2020-06-27 16:02:34 FATAL SocketController:49 - Connection refused: connect
2020-06-27 16:02:34 INFO  ServiceCreateControllers:27 - exceptions.ServerException: Server side error
2020-06-27 16:02:40 INFO  RMIController:34 - Login with wrong username or password
2020-06-27 16:03:40 INFO  ServiceLogin:62 - Login with wrong username or password
2020-06-27 16:06:25 INFO  ServiceLogin:62 - Login with wrong username or password
2020-06-27 16:06:37 INFO  ServiceLogin:69 - Succesfull login by veljko
2020-06-27 16:07:09 INFO  ServiceLogin:69 - Succesfull login by veljko55
2020-06-27 16:15:24 ERROR SocketController:49 - Connection refused: connect
2020-06-27 16:15:24 INFO  ServiceCreateControllers:27 - exceptions.ServerException: Server side error
2020-06-27 16:15:29 INFO  RMIController:34 - Login with wrong username or password
2020-06-27 16:15:37 INFO  RMIController:41 - Succesfull login by veljko
2020-06-27 16:16:30 ERROR SocketController:49 - Connection refused: connect
2020-06-27 16:16:30 INFO  ServiceCreateControllers:27 - exceptions.ServerException: Server side error
2020-06-27 16:16:40 ERROR ServiceRangLista:31 - exceptions.BusyUsernameException
2020-06-27 16:16:45 INFO  RMIController:41 - Succesfull login by veljko
2020-06-27 16:17:14 ERROR SocketController:49 - Connection refused: connect
2020-06-27 16:17:14 INFO  ServiceCreateControllers:27 - exceptions.ServerException: Server side error
2020-06-27 16:17:19 INFO  RMIController:41 - Succesfull login by veljko
2020-06-27 16:17:43 INFO  ListernInputNewMatch:65 - Goals must be number and must be non negative.
2020-06-27 16:23:20 ERROR SocketController:49 - Connection refused: connect
2020-06-27 16:23:20 INFO  ServiceCreateControllers:27 - exceptions.ServerException: Server side error
2020-06-27 16:23:28 INFO  ServiceLogin:39 - Succesfull login by veljko
2020-06-27 16:23:39 ERROR ServiceSaveMatch:29 - java.rmi.ConnectException: Connection refused to host: 10.0.1.30; nested exception is: 
	java.net.ConnectException: Connection refused: connect
2020-06-27 16:23:49 ERROR ServiceSaveMatch:29 - java.rmi.ConnectException: Connection refused to host: 10.0.1.30; nested exception is: 
	java.net.ConnectException: Connection refused: connect
2020-06-27 16:23:57 ERROR ServiceSaveMatch:29 - java.rmi.ConnectException: Connection refused to host: 10.0.1.30; nested exception is: 
	java.net.ConnectException: Connection refused: connect
2020-06-27 16:24:01 ERROR ServiceDeactiveSelection:30 - java.rmi.ConnectException: Connection refused to host: 10.0.1.30; nested exception is: 
	java.net.ConnectException: Connection refused: connect
2020-06-27 16:24:01 ERROR RMIController:101 - java.rmi.ConnectException: Connection refused to host: 10.0.1.30; nested exception is: 
	java.net.ConnectException: Connection refused: connect
2020-06-27 16:24:01 ERROR FrmNewMatch:202 - 
2020-06-27 16:24:06 ERROR ServiceRangLista:32 - java.rmi.ConnectException: Connection refused to host: 10.0.1.30; nested exception is: 
	java.net.ConnectException: Connection refused: connect
2020-06-27 16:24:08 ERROR ServiceRangLista:32 - java.rmi.ConnectException: Connection refused to host: 10.0.1.30; nested exception is: 
	java.net.ConnectException: Connection refused: connect
2020-06-27 16:24:12 ERROR ServiceDeactiveSelection:30 - java.rmi.ConnectException: Connection refused to host: 10.0.1.30; nested exception is: 
	java.net.ConnectException: Connection refused: connect
2020-06-27 16:24:12 ERROR RMIController:101 - java.rmi.ConnectException: Connection refused to host: 10.0.1.30; nested exception is: 
	java.net.ConnectException: Connection refused: connect
2020-06-27 16:24:12 ERROR FrmChooseSelection:155 - 
2020-06-27 16:33:01 ERROR SocketController:49 - Connection refused: connect
2020-06-27 16:33:01 INFO  ServiceCreateControllers:27 - exceptions.ServerException: Server side error
2020-06-27 16:33:08 INFO  ServiceLogin:39 - Succesfull login by veljko
2020-06-27 16:33:52 INFO  ServiceLogin:62 - Login with wrong username or password
2020-06-27 16:35:29 ERROR SocketController:49 - Connection refused: connect
2020-06-27 16:35:29 INFO  ServiceCreateControllers:27 - exceptions.ServerException: Server side error
2020-06-27 16:35:45 ERROR SocketController:49 - Connection refused: connect
2020-06-27 16:35:45 INFO  ServiceCreateControllers:27 - exceptions.ServerException: Server side error
2020-06-27 16:36:20 ERROR SocketController:49 - Connection refused: connect
2020-06-27 16:36:20 INFO  ServiceCreateControllers:27 - exceptions.ServerException: Server side error
2020-06-27 16:36:33 ERROR SocketController:49 - Connection refused: connect
2020-06-27 16:36:33 INFO  ServiceCreateControllers:27 - exceptions.ServerException: Server side error
2020-07-18 11:24:32 ERROR SocketController:49 - Connection refused: connect
2020-07-18 11:24:32 INFO  ServiceCreateControllers:27 - exceptions.ServerException: Server side error
2020-07-18 11:24:56 ERROR SocketController:49 - Connection refused: connect
2020-07-18 11:24:56 INFO  ServiceCreateControllers:27 - exceptions.ServerException: Server side error
2020-07-18 11:25:02 INFO  ServiceLogin:32 - Login with wrong username or password
2020-07-18 11:25:09 INFO  ServiceLogin:39 - Succesfull login by veljko
2020-07-18 13:13:13 INFO  ServiceCreateControllers:28 - java.net.ConnectException: Connection refused: connect
2020-07-18 13:13:20 INFO  ServiceLogin:32 - Login with wrong username or password
2020-07-18 13:13:26 INFO  ServiceLogin:39 - Succesfull login by veljko
2020-07-18 13:13:26 INFO  ServiceLogin:39 - Succesfull login by veljko
2020-07-18 13:13:55 INFO  ServiceCreateControllers:28 - java.net.ConnectException: Connection refused: connect
2020-07-18 13:14:02 INFO  ServiceLogin:39 - Succesfull login by veljko
